<?xml version="1.0" encoding="UTF-8"?>
<!-- Generated by org.testng.reporters.JUnitReportReporter -->
<testsuite hostname="LAPTOP-Q1OCEJDF" failures="0" tests="2" name="com.ebanking.master.RoleDataProvider" time="13.060" errors="0" timestamp="2022-02-17T19:42:30 IST" skipped="0">
  <testcase classname="com.ebanking.master.RoleDataProvider" name="RoleCreation" time="6.140"/>
  <system-out/>
  <testcase classname="com.ebanking.master.RoleDataProvider" name="RoleCreation" time="6.920"/>
  <system-out/>
</testsuite> <!-- com.ebanking.master.RoleDataProvider -->
