<?xml version="1.0" encoding="UTF-8"?>
<!-- Generated by org.testng.reporters.JUnitReportReporter -->
<testsuite hostname="LAPTOP-Q1OCEJDF" failures="0" tests="3" name="com.ebanking.master.RoleNG" time="39.936" errors="0" timestamp="2022-02-21T19:12:38 IST" skipped="0">
  <testcase classname="com.ebanking.master.RoleNG" name="EmployeeCreation" time="21.168"/>
  <system-out/>
  <testcase classname="com.ebanking.master.RoleNG" name="BranchCreation" time="12.034"/>
  <system-out/>
  <testcase classname="com.ebanking.master.RoleNG" name="RoleCreation" time="6.734"/>
  <system-out/>
</testsuite> <!-- com.ebanking.master.RoleNG -->
