<?xml version="1.0" encoding="UTF-8"?>
<!-- Generated by org.testng.reporters.JUnitReportReporter -->
<testsuite hostname="LAPTOP-Q1OCEJDF" failures="0" tests="3" name="com.ebanking.scripts.SampleTestNG" time="0.012" errors="0" timestamp="2022-02-14T22:56:48 IST" skipped="0">
  <testcase classname="com.ebanking.scripts.SampleTestNG" name="xyz" time="0.001"/>
  <system-out/>
  <testcase classname="com.ebanking.scripts.SampleTestNG" name="pqr" time="0.001"/>
  <system-out/>
  <testcase classname="com.ebanking.scripts.SampleTestNG" name="abc" time="0.010"/>
  <system-out/>
</testsuite> <!-- com.ebanking.scripts.SampleTestNG -->
