<?xml version="1.0" encoding="UTF-8"?>
<!-- Generated by org.testng.reporters.JUnitReportReporter -->
<testsuite hostname="LAPTOP-Q1OCEJDF" failures="0" tests="2" name="com.ebanking.master.EmployeeNG" time="40.140" errors="0" timestamp="2022-02-21T19:34:21 IST" skipped="0">
  <testcase classname="com.ebanking.master.EmployeeNG" name="EmployeeCreation" time="19.147"/>
  <system-out/>
  <testcase classname="com.ebanking.master.EmployeeNG" name="EmployeeCreation" time="20.993"/>
  <system-out/>
</testsuite> <!-- com.ebanking.master.EmployeeNG -->
