<?xml version="1.0" encoding="UTF-8"?>
<!-- Generated by org.testng.reporters.JUnitReportReporter -->
<testsuite hostname="LAPTOP-Q1OCEJDF" failures="0" tests="2" name="com.ebanking.master.BranchNG" time="24.501" errors="0" timestamp="2022-02-21T19:29:16 IST" skipped="0">
  <testcase classname="com.ebanking.master.BranchNG" name="BranchCreation" time="12.186"/>
  <system-out/>
  <testcase classname="com.ebanking.master.BranchNG" name="BranchCreation" time="12.315"/>
  <system-out/>
</testsuite> <!-- com.ebanking.master.BranchNG -->
